<?xml version="1.0" encoding="UTF-8"?>
<testsuite xmlns:xsi="http://www.w3.org/2001/XMLSchema-instance" xsi:noNamespaceSchemaLocation="https://maven.apache.org/surefire/maven-surefire-plugin/xsd/surefire-test-report-3.0.xsd" version="3.0" name="se.kth.iv1350.posi.integration.ItemIDTest" time="0.03" tests="7" errors="0" skipped="0" failures="0">
  <properties>
[...]
</properties>
  <testcase name="testEqualsEqualObjects" classname="se.kth.iv1350.posi.integration.ItemIDTest" time="0.011"/>
  <testcase name="testEqualsDifferentObjects" classname="se.kth.iv1350.posi.integration.ItemIDTest" time="0.001"/>
  <testcase name="testEqualsSameObject" classname="se.kth.iv1350.posi.integration.ItemIDTest" time="0.001"/>
  <testcase name="testNotEqualsDifferentClass" classname="se.kth.iv1350.posi.integration.ItemIDTest" time="0.001"/>
  <testcase name="testHashCodeEqualForSameIDs" classname="se.kth.iv1350.posi.integration.ItemIDTest" time="0.0"/>
  <testcase name="testNotEqualsNull" classname="se.kth.iv1350.posi.integration.ItemIDTest" time="0.001"/>
  <testcase name="testToStringReturnsCorrectID" classname="se.kth.iv1350.posi.integration.ItemIDTest" time="0.001"/>
</testsuite>